<?xml version="1.0" encoding="utf-8"?><testsuites name="pytest tests"><testsuite name="pytest" errors="0" failures="0" skipped="0" tests="10" time="27.602" timestamp="2026-04-29T09:51:42.389229+00:00" hostname="agent-env-b929a3ba-ef39-444e-ab9f-95e083ac3e4f"><testcase classname="backend_test" name="test_categories" time="1.153" /><testcase classname="backend_test" name="test_register_and_me" time="1.587" /><testcase classname="backend_test" name="test_login_admin" time="1.582" /><testcase classname="backend_test" name="test_login_demo" time="1.840" /><testcase classname="backend_test" name="test_thread_crud_vote_comment" time="12.692" /><testcase classname="backend_test" name="test_profile_update" time="2.075" /><testcase classname="backend_test" name="test_upload" time="2.206" /><testcase classname="backend_test" name="test_tags_and_stats" time="1.422" /><testcase classname="backend_test" name="test_logout" time="2.275" /><testcase classname="backend_test" name="test_unauth_thread_create" time="0.692" /></testsuite></testsuites>